<?xml version="1.0" encoding="UTF-8"?>
<testng-results skipped="0" failed="0" ignored="1" total="5" passed="4">
  <reporter-output>
  </reporter-output>
  <suite name="Default suite" duration-ms="132477" started-at="2019-11-09T19:40:04Z" finished-at="2019-11-09T19:42:17Z">
    <groups>
    </groups>
    <test name="Default test" duration-ms="132477" started-at="2019-11-09T19:40:04Z" finished-at="2019-11-09T19:42:17Z">
      <class name="com.qa.hubspot.tests.ContactsPageTest">
        <test-method status="PASS" signature="setUp()[pri:0, instance:com.qa.hubspot.tests.ContactsPageTest@604ed9f0]" name="setUp" is-config="true" duration-ms="23602" started-at="2019-11-09T14:40:05Z" finished-at="2019-11-09T14:40:29Z">
          <reporter-output>
          </reporter-output>
        </test-method> <!-- setUp -->
        <test-method status="PASS" signature="createContactsTest(java.lang.String, java.lang.String, java.lang.String, java.lang.String)[pri:2, instance:com.qa.hubspot.tests.ContactsPageTest@604ed9f0]" name="createContactsTest" duration-ms="8615" started-at="2019-11-09T14:40:29Z" data-provider="getContactsTestData" finished-at="2019-11-09T14:40:38Z">
          <params>
            <param index="0">
              <value>
                <![CDATA[gulnaz@gmail.com]]>
              </value>
            </param>
            <param index="1">
              <value>
                <![CDATA[gulnaz]]>
              </value>
            </param>
            <param index="2">
              <value>
                <![CDATA[patil]]>
              </value>
            </param>
            <param index="3">
              <value>
                <![CDATA[QA Manager]]>
              </value>
            </param>
          </params>
          <reporter-output>
          </reporter-output>
        </test-method> <!-- createContactsTest -->
        <test-method status="PASS" signature="tearDown()[pri:0, instance:com.qa.hubspot.tests.ContactsPageTest@604ed9f0]" name="tearDown" is-config="true" duration-ms="1182" started-at="2019-11-09T14:40:38Z" finished-at="2019-11-09T14:40:39Z">
          <reporter-output>
          </reporter-output>
        </test-method> <!-- tearDown -->
        <test-method status="PASS" signature="setUp()[pri:0, instance:com.qa.hubspot.tests.ContactsPageTest@604ed9f0]" name="setUp" is-config="true" duration-ms="22051" started-at="2019-11-09T14:40:39Z" finished-at="2019-11-09T14:41:01Z">
          <reporter-output>
          </reporter-output>
        </test-method> <!-- setUp -->
        <test-method status="PASS" signature="createContactsTest(java.lang.String, java.lang.String, java.lang.String, java.lang.String)[pri:2, instance:com.qa.hubspot.tests.ContactsPageTest@604ed9f0]" name="createContactsTest" duration-ms="11042" started-at="2019-11-09T14:41:01Z" data-provider="getContactsTestData" finished-at="2019-11-09T14:41:12Z">
          <params>
            <param index="0">
              <value>
                <![CDATA[sucheta@gmail.com]]>
              </value>
            </param>
            <param index="1">
              <value>
                <![CDATA[sucheta]]>
              </value>
            </param>
            <param index="2">
              <value>
                <![CDATA[M]]>
              </value>
            </param>
            <param index="3">
              <value>
                <![CDATA[QA Director]]>
              </value>
            </param>
          </params>
          <reporter-output>
          </reporter-output>
        </test-method> <!-- createContactsTest -->
        <test-method status="PASS" signature="tearDown()[pri:0, instance:com.qa.hubspot.tests.ContactsPageTest@604ed9f0]" name="tearDown" is-config="true" duration-ms="874" started-at="2019-11-09T14:41:12Z" finished-at="2019-11-09T14:41:13Z">
          <reporter-output>
          </reporter-output>
        </test-method> <!-- tearDown -->
        <test-method status="PASS" signature="setUp()[pri:0, instance:com.qa.hubspot.tests.ContactsPageTest@604ed9f0]" name="setUp" is-config="true" duration-ms="19476" started-at="2019-11-09T14:41:13Z" finished-at="2019-11-09T14:41:32Z">
          <reporter-output>
          </reporter-output>
        </test-method> <!-- setUp -->
        <test-method status="PASS" signature="createContactsTest(java.lang.String, java.lang.String, java.lang.String, java.lang.String)[pri:2, instance:com.qa.hubspot.tests.ContactsPageTest@604ed9f0]" name="createContactsTest" duration-ms="9317" started-at="2019-11-09T14:41:32Z" data-provider="getContactsTestData" finished-at="2019-11-09T14:41:42Z">
          <params>
            <param index="0">
              <value>
                <![CDATA[pallavi@gmail.com]]>
              </value>
            </param>
            <param index="1">
              <value>
                <![CDATA[pallavi]]>
              </value>
            </param>
            <param index="2">
              <value>
                <![CDATA[k]]>
              </value>
            </param>
            <param index="3">
              <value>
                <![CDATA[QA Lead]]>
              </value>
            </param>
          </params>
          <reporter-output>
          </reporter-output>
        </test-method> <!-- createContactsTest -->
        <test-method status="PASS" signature="tearDown()[pri:0, instance:com.qa.hubspot.tests.ContactsPageTest@604ed9f0]" name="tearDown" is-config="true" duration-ms="957" started-at="2019-11-09T14:41:42Z" finished-at="2019-11-09T14:41:43Z">
          <reporter-output>
          </reporter-output>
        </test-method> <!-- tearDown -->
        <test-method status="PASS" signature="setUp()[pri:0, instance:com.qa.hubspot.tests.ContactsPageTest@604ed9f0]" name="setUp" is-config="true" duration-ms="24051" started-at="2019-11-09T14:41:43Z" finished-at="2019-11-09T14:42:07Z">
          <reporter-output>
          </reporter-output>
        </test-method> <!-- setUp -->
        <test-method status="PASS" signature="createContactsTest(java.lang.String, java.lang.String, java.lang.String, java.lang.String)[pri:2, instance:com.qa.hubspot.tests.ContactsPageTest@604ed9f0]" name="createContactsTest" duration-ms="8665" started-at="2019-11-09T14:42:07Z" data-provider="getContactsTestData" finished-at="2019-11-09T14:42:15Z">
          <params>
            <param index="0">
              <value>
                <![CDATA[ali@gmail.com]]>
              </value>
            </param>
            <param index="1">
              <value>
                <![CDATA[jeyhun]]>
              </value>
            </param>
            <param index="2">
              <value>
                <![CDATA[ali]]>
              </value>
            </param>
            <param index="3">
              <value>
                <![CDATA[Dev Lead]]>
              </value>
            </param>
          </params>
          <reporter-output>
          </reporter-output>
        </test-method> <!-- createContactsTest -->
        <test-method status="PASS" signature="tearDown()[pri:0, instance:com.qa.hubspot.tests.ContactsPageTest@604ed9f0]" name="tearDown" is-config="true" duration-ms="1205" started-at="2019-11-09T14:42:15Z" finished-at="2019-11-09T14:42:17Z">
          <reporter-output>
          </reporter-output>
        </test-method> <!-- tearDown -->
      </class> <!-- com.qa.hubspot.tests.ContactsPageTest -->
    </test> <!-- Default test -->
  </suite> <!-- Default suite -->
</testng-results>
